Start testing: Oct 19 17:41 Pacific Daylight Time
----------------------------------------------------------
1/1 Testing: ExampleTests
1/1 Test: ExampleTests
Command: "C:/Users/Alex/Desktop/coding/testing/build/test/ExampleTests.exe"
Directory: C:/Users/Alex/Desktop/coding/testing/build/test
"ExampleTests" start time: Oct 19 17:41 Pacific Daylight Time
Output:
----------------------------------------------------------
Running main() from C:\Users\Alex\Desktop\coding\testing\googletest\googletest\src\gtest_main.cc
[==========] Running 1 test from 1 test suite.
[----------] Global test environment set-up.
[----------] 1 test from ExampleTests
[ RUN      ] ExampleTests.Square
[       OK ] ExampleTests.Square (0 ms)
[----------] 1 test from ExampleTests (0 ms total)

[----------] Global test environment tear-down
[==========] 1 test from 1 test suite ran. (0 ms total)
[  PASSED  ] 1 test.
<end of output>
Test time =   0.03 sec
----------------------------------------------------------
Test Passed.
"ExampleTests" end time: Oct 19 17:41 Pacific Daylight Time
"ExampleTests" time elapsed: 00:00:00
----------------------------------------------------------

End testing: Oct 19 17:41 Pacific Daylight Time
